# JRE version: Java(TM) SE Runtime Environment (24.0.2+12) (build 24.0.2+12-54)
# Java VM: Java HotSpot(TM) 64-Bit Server VM (24.0.2+12-54, mixed mode, emulated-client, sharing, tiered, compressed oops, compressed class ptrs, g1 gc, windows-amd64)
GC Precious Log:
 CardTable entry size: 512
 Card Set container configuration: InlinePtr #cards 5 size 8 Array Of Cards #cards 10 size 36 Howl #buckets 4 coarsen threshold 1843 Howl Bitmap #cards 512 size 80 coarsen threshold 460 Card regions per heap region 1 cards per card region 2048
 CPUs: 8 total, 8 available
 Memory: 7835M
 Large Page Support: Disabled
 NUMA Support: Disabled
 Compressed Oops: Enabled (32-bit)
 Heap Region Size: 1M
 Heap Min Capacity: 8M
 Heap Initial Capacity: 124M
 Heap Max Capacity: 1960M
 Pre-touch: Disabled
 Parallel Workers: 8
 Concurrent Workers: 2
 Concurrent Refinement Workers: 8
 Periodic GC: Disabled
Heap:
 garbage-first heap   total reserved 2007040K, committed 87040K, used 40845K [0x0000000085800000, 0x0000000100000000)
  region size 1024K, 16 young (16384K), 6 survivors (6144K)
 Metaspace       used 54681K, committed 55296K, reserved 1114112K
  class space    used 6253K, committed 6528K, reserved 1048576K
GC Heap History (20 events):
Event: 163.860 GC heap after
{Heap after GC invocations=18 (full 4):
 garbage-first heap   total reserved 2007040K, committed 66560K, used 25829K [0x0000000085800000, 0x0000000100000000)
  region size 1024K, 0 young (0K), 0 survivors (0K)
 Metaspace       used 54656K, committed 55168K, reserved 1114112K
  class space    used 6245K, committed 6528K, reserved 1048576K
}
Event: 165.693 GC heap before
{Heap before GC invocations=18 (full 4):
 garbage-first heap   total reserved 2007040K, committed 66560K, used 53477K [0x0000000085800000, 0x0000000100000000)
  region size 1024K, 28 young (28672K), 0 survivors (0K)
 Metaspace       used 54658K, committed 55168K, reserved 1114112K
  class space    used 6245K, committed 6528K, reserved 1048576K
}
Event: 165.703 GC heap after
{Heap after GC invocations=19 (full 4):
 garbage-first heap   total reserved 2007040K, committed 66560K, used 29900K [0x0000000085800000, 0x0000000100000000)
  region size 1024K, 4 young (4096K), 4 survivors (4096K)
 Metaspace       used 54658K, committed 55168K, reserved 1114112K
  class space    used 6245K, committed 6528K, reserved 1048576K
}
Event: 170.126 GC heap before
{Heap before GC invocations=19 (full 4):
 garbage-first heap   total reserved 2007040K, committed 66560K, used 53452K [0x0000000085800000, 0x0000000100000000)
  region size 1024K, 29 young (29696K), 4 survivors (4096K)
 Metaspace       used 54765K, committed 55296K, reserved 1114112K
  class space    used 6251K, committed 6528K, reserved 1048576K
}
Event: 170.263 GC heap after
{Heap after GC invocations=20 (full 5):
 garbage-first heap   total reserved 2007040K, committed 66560K, used 24954K [0x0000000085800000, 0x0000000100000000)
  region size 1024K, 0 young (0K), 0 survivors (0K)
 Metaspace       used 54553K, committed 55232K, reserved 1114112K
  class space    used 6239K, committed 6528K, reserved 1048576K
}
Event: 173.701 GC heap before
{Heap before GC invocations=20 (full 5):
 garbage-first heap   total reserved 2007040K, committed 66560K, used 53626K [0x0000000085800000, 0x0000000100000000)
  region size 1024K, 29 young (29696K), 0 survivors (0K)
 Metaspace       used 54561K, committed 55232K, reserved 1114112K
  class space    used 6242K, committed 6528K, reserved 1048576K
}
Event: 173.715 GC heap after
{Heap after GC invocations=21 (full 5):
 garbage-first heap   total reserved 2007040K, committed 87040K, used 29177K [0x0000000085800000, 0x0000000100000000)
  region size 1024K, 4 young (4096K), 4 survivors (4096K)
 Metaspace       used 54561K, committed 55232K, reserved 1114112K
  class space    used 6242K, committed 6528K, reserved 1048576K
}
Event: 184.594 GC heap before
{Heap before GC invocations=21 (full 5):
 garbage-first heap   total reserved 2007040K, committed 87040K, used 53753K [0x0000000085800000, 0x0000000100000000)
  region size 1024K, 30 young (30720K), 4 survivors (4096K)
 Metaspace       used 54669K, committed 55296K, reserved 1114112K
  class space    used 6248K, committed 6528K, reserved 1048576K
}
Event: 184.710 GC heap after
{Heap after GC invocations=22 (full 6):
 garbage-first heap   total reserved 2007040K, committed 87040K, used 25088K [0x0000000085800000, 0x0000000100000000)
  region size 1024K, 0 young (0K), 0 survivors (0K)
 Metaspace       used 54667K, committed 55296K, reserved 1114112K
  class space    used 6247K, committed 6528K, reserved 1048576K
}
Event: 189.842 GC heap before
{Heap before GC invocations=22 (full 6):
 garbage-first heap   total reserved 2007040K, committed 87040K, used 67072K [0x0000000085800000, 0x0000000100000000)
  region size 1024K, 42 young (43008K), 0 survivors (0K)
 Metaspace       used 54778K, committed 55360K, reserved 1114112K
  class space    used 6255K, committed 6528K, reserved 1048576K
}
Event: 189.856 GC heap after
{Heap after GC invocations=23 (full 6):
 garbage-first heap   total reserved 2007040K, committed 87040K, used 30208K [0x0000000085800000, 0x0000000100000000)
  region size 1024K, 5 young (5120K), 5 survivors (5120K)
 Metaspace       used 54778K, committed 55360K, reserved 1114112K
  class space    used 6255K, committed 6528K, reserved 1048576K
}
Event: 238.037 GC heap before
{Heap before GC invocations=23 (full 6):
 garbage-first heap   total reserved 2007040K, committed 87040K, used 41472K [0x0000000085800000, 0x0000000100000000)
  region size 1024K, 17 young (17408K), 5 survivors (5120K)
 Metaspace       used 54781K, committed 55360K, reserved 1114112K
  class space    used 6256K, committed 6528K, reserved 1048576K
}
Event: 238.163 GC heap after
{Heap after GC invocations=24 (full 7):
 garbage-first heap   total reserved 2007040K, committed 87040K, used 25754K [0x0000000085800000, 0x0000000100000000)
  region size 1024K, 0 young (0K), 0 survivors (0K)
 Metaspace       used 54676K, committed 55360K, reserved 1114112K
  class space    used 6250K, committed 6528K, reserved 1048576K
}
Event: 241.431 GC heap before
{Heap before GC invocations=24 (full 7):
 garbage-first heap   total reserved 2007040K, committed 87040K, used 67738K [0x0000000085800000, 0x0000000100000000)
  region size 1024K, 42 young (43008K), 0 survivors (0K)
 Metaspace       used 54781K, committed 55360K, reserved 1114112K
  class space    used 6257K, committed 6528K, reserved 1048576K
}
Event: 241.442 GC heap after
{Heap after GC invocations=25 (full 7):
 garbage-first heap   total reserved 2007040K, committed 87040K, used 31881K [0x0000000085800000, 0x0000000100000000)
  region size 1024K, 6 young (6144K), 6 survivors (6144K)
 Metaspace       used 54781K, committed 55360K, reserved 1114112K
  class space    used 6257K, committed 6528K, reserved 1048576K
}
Event: 245.387 GC heap before
{Heap before GC invocations=25 (full 7):
 garbage-first heap   total reserved 2007040K, committed 87040K, used 42121K [0x0000000085800000, 0x0000000100000000)
  region size 1024K, 17 young (17408K), 6 survivors (6144K)
 Metaspace       used 54784K, committed 55360K, reserved 1114112K
  class space    used 6258K, committed 6528K, reserved 1048576K
}
Event: 245.502 GC heap after
{Heap after GC invocations=26 (full 8):
 garbage-first heap   total reserved 2007040K, committed 87040K, used 25533K [0x0000000085800000, 0x0000000100000000)
  region size 1024K, 0 young (0K), 0 survivors (0K)
 Metaspace       used 54571K, committed 55296K, reserved 1114112K
  class space    used 6246K, committed 6528K, reserved 1048576K
}
Event: 250.099 GC heap before
{Heap before GC invocations=26 (full 8):
 garbage-first heap   total reserved 2007040K, committed 87040K, used 68541K [0x0000000085800000, 0x0000000100000000)
  region size 1024K, 43 young (44032K), 0 survivors (0K)
 Metaspace       used 54678K, committed 55296K, reserved 1114112K
  class space    used 6252K, committed 6528K, reserved 1048576K
}
Event: 250.114 GC heap after
{Heap after GC invocations=27 (full 8):
 garbage-first heap   total reserved 2007040K, committed 87040K, used 31629K [0x0000000085800000, 0x0000000100000000)
  region size 1024K, 6 young (6144K), 6 survivors (6144K)
 Metaspace       used 54678K, committed 55296K, reserved 1114112K
  class space    used 6252K, committed 6528K, reserved 1048576K
}
Event: 262.717 GC heap before
{Heap before GC invocations=27 (full 8):
 garbage-first heap   total reserved 2007040K, committed 87040K, used 40845K [0x0000000085800000, 0x0000000100000000)
  region size 1024K, 16 young (16384K), 6 survivors (6144K)
 Metaspace       used 54681K, committed 55296K, reserved 1114112K
  class space    used 6253K, committed 6528K, reserved 1048576K
}

