# JRE version: OpenJDK Runtime Environment Temurin-21.0.9+10 (21.0.9+10) (build 21.0.9+10-LTS)
# Java VM: OpenJDK 64-Bit Server VM Temurin-21.0.9+10 (21.0.9+10-LTS, mixed mode, sharing, tiered, compressed oops, compressed class ptrs, parallel gc, windows-amd64)
GC Precious Log:
 CardTable entry size: 512
 CPUs: 8 total, 8 available
 Memory: 7835M
 Large Page Support: Disabled
 NUMA Support: Disabled
 Compressed Oops: Enabled (32-bit)
 Alignments: Space 512K, Generation 512K, Heap 2M
 Heap Min Capacity: 100M
 Heap Initial Capacity: 100M
 Heap Max Capacity: 2G
 Pre-touch: Disabled
 Parallel Workers: 8
Heap:
 PSYoungGen      total 2048K, used 967K [0x00000000d5580000, 0x00000000d5800000, 0x0000000100000000)
  eden space 1536K, 48% used [0x00000000d5580000,0x00000000d5639c28,0x00000000d5700000)
  from space 512K, 43% used [0x00000000d5700000,0x00000000d5738000,0x00000000d5780000)
  to   space 512K, 0% used [0x00000000d5780000,0x00000000d5780000,0x00000000d5800000)
 ParOldGen       total 392704K, used 392265K [0x0000000080000000, 0x0000000097f80000, 0x00000000d5580000)
  object space 392704K, 99% used [0x0000000080000000,0x0000000097f12560,0x0000000097f80000)
 Metaspace       used 60566K, committed 62080K, reserved 1114112K
  class space    used 6476K, committed 7168K, reserved 1048576K
GC Heap History (20 events):
Event: 84.332 GC heap before
{Heap before GC invocations=651 (full 3):
 PSYoungGen      total 2048K, used 1803K [0x00000000d5580000, 0x00000000d5800000, 0x0000000100000000)
  eden space 1536K, 100% used [0x00000000d5580000,0x00000000d5700000,0x00000000d5700000)
  from space 512K, 52% used [0x00000000d5700000,0x00000000d5742ea8,0x00000000d5780000)
  to   space 512K, 0% used [0x00000000d5780000,0x00000000d5780000,0x00000000d5800000)
 ParOldGen       total 390656K, used 390491K [0x0000000080000000, 0x0000000097d80000, 0x00000000d5580000)
  object space 390656K, 99% used [0x0000000080000000,0x0000000097d56c88,0x0000000097d80000)
 Metaspace       used 60562K, committed 62080K, reserved 1114112K
  class space    used 6476K, committed 7168K, reserved 1048576K
}
Event: 84.337 GC heap after
{Heap after GC invocations=651 (full 3):
 PSYoungGen      total 2048K, used 428K [0x00000000d5580000, 0x00000000d5800000, 0x0000000100000000)
  eden space 1536K, 0% used [0x00000000d5580000,0x00000000d5580000,0x00000000d5700000)
  from space 512K, 83% used [0x00000000d5780000,0x00000000d57eb008,0x00000000d5800000)
  to   space 512K, 0% used [0x00000000d5700000,0x00000000d5700000,0x00000000d5780000)
 ParOldGen       total 391168K, used 390675K [0x0000000080000000, 0x0000000097e00000, 0x00000000d5580000)
  object space 391168K, 99% used [0x0000000080000000,0x0000000097d84c88,0x0000000097e00000)
 Metaspace       used 60562K, committed 62080K, reserved 1114112K
  class space    used 6476K, committed 7168K, reserved 1048576K
}
Event: 84.373 GC heap before
{Heap before GC invocations=652 (full 3):
 PSYoungGen      total 2048K, used 1964K [0x00000000d5580000, 0x00000000d5800000, 0x0000000100000000)
  eden space 1536K, 100% used [0x00000000d5580000,0x00000000d5700000,0x00000000d5700000)
  from space 512K, 83% used [0x00000000d5780000,0x00000000d57eb008,0x00000000d5800000)
  to   space 512K, 0% used [0x00000000d5700000,0x00000000d5700000,0x00000000d5780000)
 ParOldGen       total 391168K, used 390675K [0x0000000080000000, 0x0000000097e00000, 0x00000000d5580000)
  object space 391168K, 99% used [0x0000000080000000,0x0000000097d84c88,0x0000000097e00000)
 Metaspace       used 60562K, committed 62080K, reserved 1114112K
  class space    used 6476K, committed 7168K, reserved 1048576K
}
Event: 84.377 GC heap after
{Heap after GC invocations=652 (full 3):
 PSYoungGen      total 2048K, used 288K [0x00000000d5580000, 0x00000000d5800000, 0x0000000100000000)
  eden space 1536K, 0% used [0x00000000d5580000,0x00000000d5580000,0x00000000d5700000)
  from space 512K, 56% used [0x00000000d5700000,0x00000000d5748000,0x00000000d5780000)
  to   space 512K, 0% used [0x00000000d5780000,0x00000000d5780000,0x00000000d5800000)
 ParOldGen       total 391168K, used 390983K [0x0000000080000000, 0x0000000097e00000, 0x00000000d5580000)
  object space 391168K, 99% used [0x0000000080000000,0x0000000097dd1c90,0x0000000097e00000)
 Metaspace       used 60562K, committed 62080K, reserved 1114112K
  class space    used 6476K, committed 7168K, reserved 1048576K
}
Event: 84.416 GC heap before
{Heap before GC invocations=653 (full 3):
 PSYoungGen      total 2048K, used 1824K [0x00000000d5580000, 0x00000000d5800000, 0x0000000100000000)
  eden space 1536K, 100% used [0x00000000d5580000,0x00000000d5700000,0x00000000d5700000)
  from space 512K, 56% used [0x00000000d5700000,0x00000000d5748000,0x00000000d5780000)
  to   space 512K, 0% used [0x00000000d5780000,0x00000000d5780000,0x00000000d5800000)
 ParOldGen       total 391168K, used 390983K [0x0000000080000000, 0x0000000097e00000, 0x00000000d5580000)
  object space 391168K, 99% used [0x0000000080000000,0x0000000097dd1c90,0x0000000097e00000)
 Metaspace       used 60562K, committed 62080K, reserved 1114112K
  class space    used 6476K, committed 7168K, reserved 1048576K
}
Event: 84.421 GC heap after
{Heap after GC invocations=653 (full 3):
 PSYoungGen      total 2048K, used 320K [0x00000000d5580000, 0x00000000d5800000, 0x0000000100000000)
  eden space 1536K, 0% used [0x00000000d5580000,0x00000000d5580000,0x00000000d5700000)
  from space 512K, 62% used [0x00000000d5780000,0x00000000d57d0000,0x00000000d5800000)
  to   space 512K, 0% used [0x00000000d5700000,0x00000000d5700000,0x00000000d5780000)
 ParOldGen       total 391168K, used 391143K [0x0000000080000000, 0x0000000097e00000, 0x00000000d5580000)
  object space 391168K, 99% used [0x0000000080000000,0x0000000097df9c90,0x0000000097e00000)
 Metaspace       used 60562K, committed 62080K, reserved 1114112K
  class space    used 6476K, committed 7168K, reserved 1048576K
}
Event: 84.516 GC heap before
{Heap before GC invocations=654 (full 3):
 PSYoungGen      total 2048K, used 1856K [0x00000000d5580000, 0x00000000d5800000, 0x0000000100000000)
  eden space 1536K, 100% used [0x00000000d5580000,0x00000000d5700000,0x00000000d5700000)
  from space 512K, 62% used [0x00000000d5780000,0x00000000d57d0000,0x00000000d5800000)
  to   space 512K, 0% used [0x00000000d5700000,0x00000000d5700000,0x00000000d5780000)
 ParOldGen       total 391168K, used 391143K [0x0000000080000000, 0x0000000097e00000, 0x00000000d5580000)
  object space 391168K, 99% used [0x0000000080000000,0x0000000097df9c90,0x0000000097e00000)
 Metaspace       used 60565K, committed 62080K, reserved 1114112K
  class space    used 6476K, committed 7168K, reserved 1048576K
}
Event: 84.519 GC heap after
{Heap after GC invocations=654 (full 3):
 PSYoungGen      total 2048K, used 192K [0x00000000d5580000, 0x00000000d5800000, 0x0000000100000000)
  eden space 1536K, 0% used [0x00000000d5580000,0x00000000d5580000,0x00000000d5700000)
  from space 512K, 37% used [0x00000000d5700000,0x00000000d5730000,0x00000000d5780000)
  to   space 512K, 0% used [0x00000000d5780000,0x00000000d5780000,0x00000000d5800000)
 ParOldGen       total 391680K, used 391287K [0x0000000080000000, 0x0000000097e80000, 0x00000000d5580000)
  object space 391680K, 99% used [0x0000000080000000,0x0000000097e1dc90,0x0000000097e80000)
 Metaspace       used 60565K, committed 62080K, reserved 1114112K
  class space    used 6476K, committed 7168K, reserved 1048576K
}
Event: 84.580 GC heap before
{Heap before GC invocations=655 (full 3):
 PSYoungGen      total 2048K, used 1728K [0x00000000d5580000, 0x00000000d5800000, 0x0000000100000000)
  eden space 1536K, 100% used [0x00000000d5580000,0x00000000d5700000,0x00000000d5700000)
  from space 512K, 37% used [0x00000000d5700000,0x00000000d5730000,0x00000000d5780000)
  to   space 512K, 0% used [0x00000000d5780000,0x00000000d5780000,0x00000000d5800000)
 ParOldGen       total 391680K, used 391287K [0x0000000080000000, 0x0000000097e80000, 0x00000000d5580000)
  object space 391680K, 99% used [0x0000000080000000,0x0000000097e1dc90,0x0000000097e80000)
 Metaspace       used 60566K, committed 62080K, reserved 1114112K
  class space    used 6476K, committed 7168K, reserved 1048576K
}
Event: 84.584 GC heap after
{Heap after GC invocations=655 (full 3):
 PSYoungGen      total 2048K, used 288K [0x00000000d5580000, 0x00000000d5800000, 0x0000000100000000)
  eden space 1536K, 0% used [0x00000000d5580000,0x00000000d5580000,0x00000000d5700000)
  from space 512K, 56% used [0x00000000d5780000,0x00000000d57c8000,0x00000000d5800000)
  to   space 512K, 0% used [0x00000000d5700000,0x00000000d5700000,0x00000000d5780000)
 ParOldGen       total 391680K, used 391344K [0x0000000080000000, 0x0000000097e80000, 0x00000000d5580000)
  object space 391680K, 99% used [0x0000000080000000,0x0000000097e2c350,0x0000000097e80000)
 Metaspace       used 60566K, committed 62080K, reserved 1114112K
  class space    used 6476K, committed 7168K, reserved 1048576K
}
Event: 84.754 GC heap before
{Heap before GC invocations=656 (full 3):
 PSYoungGen      total 2048K, used 1821K [0x00000000d5580000, 0x00000000d5800000, 0x0000000100000000)
  eden space 1536K, 99% used [0x00000000d5580000,0x00000000d56ff758,0x00000000d5700000)
  from space 512K, 56% used [0x00000000d5780000,0x00000000d57c8000,0x00000000d5800000)
  to   space 512K, 0% used [0x00000000d5700000,0x00000000d5700000,0x00000000d5780000)
 ParOldGen       total 391680K, used 391344K [0x0000000080000000, 0x0000000097e80000, 0x00000000d5580000)
  object space 391680K, 99% used [0x0000000080000000,0x0000000097e2c350,0x0000000097e80000)
 Metaspace       used 60566K, committed 62080K, reserved 1114112K
  class space    used 6476K, committed 7168K, reserved 1048576K
}
Event: 84.759 GC heap after
{Heap after GC invocations=656 (full 3):
 PSYoungGen      total 2048K, used 352K [0x00000000d5580000, 0x00000000d5800000, 0x0000000100000000)
  eden space 1536K, 0% used [0x00000000d5580000,0x00000000d5580000,0x00000000d5700000)
  from space 512K, 68% used [0x00000000d5700000,0x00000000d5758000,0x00000000d5780000)
  to   space 512K, 0% used [0x00000000d5780000,0x00000000d5780000,0x00000000d5800000)
 ParOldGen       total 391680K, used 391528K [0x0000000080000000, 0x0000000097e80000, 0x00000000d5580000)
  object space 391680K, 99% used [0x0000000080000000,0x0000000097e5a350,0x0000000097e80000)
 Metaspace       used 60566K, committed 62080K, reserved 1114112K
  class space    used 6476K, committed 7168K, reserved 1048576K
}
Event: 84.825 GC heap before
{Heap before GC invocations=657 (full 3):
 PSYoungGen      total 2048K, used 1888K [0x00000000d5580000, 0x00000000d5800000, 0x0000000100000000)
  eden space 1536K, 100% used [0x00000000d5580000,0x00000000d5700000,0x00000000d5700000)
  from space 512K, 68% used [0x00000000d5700000,0x00000000d5758000,0x00000000d5780000)
  to   space 512K, 0% used [0x00000000d5780000,0x00000000d5780000,0x00000000d5800000)
 ParOldGen       total 391680K, used 391528K [0x0000000080000000, 0x0000000097e80000, 0x00000000d5580000)
  object space 391680K, 99% used [0x0000000080000000,0x0000000097e5a350,0x0000000097e80000)
 Metaspace       used 60566K, committed 62080K, reserved 1114112K
  class space    used 6476K, committed 7168K, reserved 1048576K
}
Event: 84.833 GC heap after
{Heap after GC invocations=657 (full 3):
 PSYoungGen      total 2048K, used 224K [0x00000000d5580000, 0x00000000d5800000, 0x0000000100000000)
  eden space 1536K, 0% used [0x00000000d5580000,0x00000000d5580000,0x00000000d5700000)
  from space 512K, 43% used [0x00000000d5780000,0x00000000d57b8000,0x00000000d5800000)
  to   space 512K, 0% used [0x00000000d5700000,0x00000000d5700000,0x00000000d5780000)
 ParOldGen       total 392192K, used 391734K [0x0000000080000000, 0x0000000097f00000, 0x00000000d5580000)
  object space 392192K, 99% used [0x0000000080000000,0x0000000097e8d958,0x0000000097f00000)
 Metaspace       used 60566K, committed 62080K, reserved 1114112K
  class space    used 6476K, committed 7168K, reserved 1048576K
}
Event: 84.890 GC heap before
{Heap before GC invocations=658 (full 3):
 PSYoungGen      total 2048K, used 1760K [0x00000000d5580000, 0x00000000d5800000, 0x0000000100000000)
  eden space 1536K, 100% used [0x00000000d5580000,0x00000000d5700000,0x00000000d5700000)
  from space 512K, 43% used [0x00000000d5780000,0x00000000d57b8000,0x00000000d5800000)
  to   space 512K, 0% used [0x00000000d5700000,0x00000000d5700000,0x00000000d5780000)
 ParOldGen       total 392192K, used 391734K [0x0000000080000000, 0x0000000097f00000, 0x00000000d5580000)
  object space 392192K, 99% used [0x0000000080000000,0x0000000097e8d958,0x0000000097f00000)
 Metaspace       used 60566K, committed 62080K, reserved 1114112K
  class space    used 6476K, committed 7168K, reserved 1048576K
}
Event: 84.894 GC heap after
{Heap after GC invocations=658 (full 3):
 PSYoungGen      total 2048K, used 320K [0x00000000d5580000, 0x00000000d5800000, 0x0000000100000000)
  eden space 1536K, 0% used [0x00000000d5580000,0x00000000d5580000,0x00000000d5700000)
  from space 512K, 62% used [0x00000000d5700000,0x00000000d5750000,0x00000000d5780000)
  to   space 512K, 0% used [0x00000000d5780000,0x00000000d5780000,0x00000000d5800000)
 ParOldGen       total 392192K, used 391910K [0x0000000080000000, 0x0000000097f00000, 0x00000000d5580000)
  object space 392192K, 99% used [0x0000000080000000,0x0000000097eb9958,0x0000000097f00000)
 Metaspace       used 60566K, committed 62080K, reserved 1114112K
  class space    used 6476K, committed 7168K, reserved 1048576K
}
Event: 84.981 GC heap before
{Heap before GC invocations=659 (full 3):
 PSYoungGen      total 2048K, used 1855K [0x00000000d5580000, 0x00000000d5800000, 0x0000000100000000)
  eden space 1536K, 99% used [0x00000000d5580000,0x00000000d56ffff0,0x00000000d5700000)
  from space 512K, 62% used [0x00000000d5700000,0x00000000d5750000,0x00000000d5780000)
  to   space 512K, 0% used [0x00000000d5780000,0x00000000d5780000,0x00000000d5800000)
 ParOldGen       total 392192K, used 391910K [0x0000000080000000, 0x0000000097f00000, 0x00000000d5580000)
  object space 392192K, 99% used [0x0000000080000000,0x0000000097eb9958,0x0000000097f00000)
 Metaspace       used 60566K, committed 62080K, reserved 1114112K
  class space    used 6476K, committed 7168K, reserved 1048576K
}
Event: 84.988 GC heap after
{Heap after GC invocations=659 (full 3):
 PSYoungGen      total 2048K, used 283K [0x00000000d5580000, 0x00000000d5800000, 0x0000000100000000)
  eden space 1536K, 0% used [0x00000000d5580000,0x00000000d5580000,0x00000000d5700000)
  from space 512K, 55% used [0x00000000d5780000,0x00000000d57c6c08,0x00000000d5800000)
  to   space 512K, 0% used [0x00000000d5700000,0x00000000d5700000,0x00000000d5780000)
 ParOldGen       total 392192K, used 392046K [0x0000000080000000, 0x0000000097f00000, 0x00000000d5580000)
  object space 392192K, 99% used [0x0000000080000000,0x0000000097edb958,0x0000000097f00000)
 Metaspace       used 60566K, committed 62080K, reserved 1114112K
  class space    used 6476K, committed 7168K, reserved 1048576K
}
Event: 85.074 GC heap before
{Heap before GC invocations=660 (full 3):
 PSYoungGen      total 2048K, used 1819K [0x00000000d5580000, 0x00000000d5800000, 0x0000000100000000)
  eden space 1536K, 100% used [0x00000000d5580000,0x00000000d5700000,0x00000000d5700000)
  from space 512K, 55% used [0x00000000d5780000,0x00000000d57c6c08,0x00000000d5800000)
  to   space 512K, 0% used [0x00000000d5700000,0x00000000d5700000,0x00000000d5780000)
 ParOldGen       total 392192K, used 392046K [0x0000000080000000, 0x0000000097f00000, 0x00000000d5580000)
  object space 392192K, 99% used [0x0000000080000000,0x0000000097edb958,0x0000000097f00000)
 Metaspace       used 60566K, committed 62080K, reserved 1114112K
  class space    used 6476K, committed 7168K, reserved 1048576K
}
Event: 85.080 GC heap after
{Heap after GC invocations=660 (full 3):
 PSYoungGen      total 2048K, used 224K [0x00000000d5580000, 0x00000000d5800000, 0x0000000100000000)
  eden space 1536K, 0% used [0x00000000d5580000,0x00000000d5580000,0x00000000d5700000)
  from space 512K, 43% used [0x00000000d5700000,0x00000000d5738000,0x00000000d5780000)
  to   space 512K, 0% used [0x00000000d5780000,0x00000000d5780000,0x00000000d5800000)
 ParOldGen       total 392704K, used 392265K [0x0000000080000000, 0x0000000097f80000, 0x00000000d5580000)
  object space 392704K, 99% used [0x0000000080000000,0x0000000097f12560,0x0000000097f80000)
 Metaspace       used 60566K, committed 62080K, reserved 1114112K
  class space    used 6476K, committed 7168K, reserved 1048576K
}

