# JRE version: OpenJDK Runtime Environment Temurin-21.0.9+10 (21.0.9+10) (build 21.0.9+10-LTS)
# Java VM: OpenJDK 64-Bit Server VM Temurin-21.0.9+10 (21.0.9+10-LTS, mixed mode, sharing, tiered, compressed oops, compressed class ptrs, parallel gc, windows-amd64)
GC Precious Log:
 CardTable entry size: 512
 CPUs: 8 total, 8 available
 Memory: 7835M
 Large Page Support: Disabled
 NUMA Support: Disabled
 Compressed Oops: Enabled (32-bit)
 Alignments: Space 512K, Generation 512K, Heap 2M
 Heap Min Capacity: 100M
 Heap Initial Capacity: 100M
 Heap Max Capacity: 2G
 Pre-touch: Disabled
 Parallel Workers: 8
Heap:
 PSYoungGen      total 3584K, used 2201K [0x00000000d5580000, 0x00000000d5a80000, 0x0000000100000000)
  eden space 2048K, 55% used [0x00000000d5580000,0x00000000d569cd38,0x00000000d5780000)
  from space 1536K, 69% used [0x00000000d5780000,0x00000000d5889900,0x00000000d5900000)
  to   space 1536K, 0% used [0x00000000d5900000,0x00000000d5900000,0x00000000d5a80000)
 ParOldGen       total 378880K, used 378710K [0x0000000080000000, 0x0000000097200000, 0x00000000d5580000)
  object space 378880K, 99% used [0x0000000080000000,0x00000000971d5808,0x0000000097200000)
 Metaspace       used 68261K, committed 69632K, reserved 1114112K
  class space    used 7311K, committed 7936K, reserved 1048576K
GC Heap History (20 events):
Event: 200.941 GC heap before
{Heap before GC invocations=1172 (full 6):
 PSYoungGen      total 2560K, used 2432K [0x00000000d5580000, 0x00000000d5a80000, 0x0000000100000000)
  eden space 2048K, 100% used [0x00000000d5580000,0x00000000d5780000,0x00000000d5780000)
  from space 512K, 75% used [0x00000000d5980000,0x00000000d59e0000,0x00000000d5a00000)
  to   space 512K, 0% used [0x00000000d5a00000,0x00000000d5a00000,0x00000000d5a80000)
 ParOldGen       total 375296K, used 375008K [0x0000000080000000, 0x0000000096e80000, 0x00000000d5580000)
  object space 375296K, 99% used [0x0000000080000000,0x0000000096e380a8,0x0000000096e80000)
 Metaspace       used 68252K, committed 69632K, reserved 1114112K
  class space    used 7311K, committed 7936K, reserved 1048576K
}
Event: 200.946 GC heap after
{Heap after GC invocations=1172 (full 6):
 PSYoungGen      total 2560K, used 288K [0x00000000d5580000, 0x00000000d5a80000, 0x0000000100000000)
  eden space 2048K, 0% used [0x00000000d5580000,0x00000000d5580000,0x00000000d5780000)
  from space 512K, 56% used [0x00000000d5a00000,0x00000000d5a48000,0x00000000d5a80000)
  to   space 512K, 0% used [0x00000000d5980000,0x00000000d5980000,0x00000000d5a00000)
 ParOldGen       total 375296K, used 375240K [0x0000000080000000, 0x0000000096e80000, 0x00000000d5580000)
  object space 375296K, 99% used [0x0000000080000000,0x0000000096e720a8,0x0000000096e80000)
 Metaspace       used 68252K, committed 69632K, reserved 1114112K
  class space    used 7311K, committed 7936K, reserved 1048576K
}
Event: 201.017 GC heap before
{Heap before GC invocations=1173 (full 6):
 PSYoungGen      total 2560K, used 2336K [0x00000000d5580000, 0x00000000d5a80000, 0x0000000100000000)
  eden space 2048K, 100% used [0x00000000d5580000,0x00000000d5780000,0x00000000d5780000)
  from space 512K, 56% used [0x00000000d5a00000,0x00000000d5a48000,0x00000000d5a80000)
  to   space 512K, 0% used [0x00000000d5980000,0x00000000d5980000,0x00000000d5a00000)
 ParOldGen       total 375296K, used 375240K [0x0000000080000000, 0x0000000096e80000, 0x00000000d5580000)
  object space 375296K, 99% used [0x0000000080000000,0x0000000096e720a8,0x0000000096e80000)
 Metaspace       used 68252K, committed 69632K, reserved 1114112K
  class space    used 7311K, committed 7936K, reserved 1048576K
}
Event: 201.021 GC heap after
{Heap after GC invocations=1173 (full 6):
 PSYoungGen      total 2560K, used 504K [0x00000000d5580000, 0x00000000d5a80000, 0x0000000100000000)
  eden space 2048K, 0% used [0x00000000d5580000,0x00000000d5580000,0x00000000d5780000)
  from space 512K, 98% used [0x00000000d5980000,0x00000000d59fe008,0x00000000d5a00000)
  to   space 512K, 0% used [0x00000000d5a00000,0x00000000d5a00000,0x00000000d5a80000)
 ParOldGen       total 375808K, used 375432K [0x0000000080000000, 0x0000000096f00000, 0x00000000d5580000)
  object space 375808K, 99% used [0x0000000080000000,0x0000000096ea20a8,0x0000000096f00000)
 Metaspace       used 68252K, committed 69632K, reserved 1114112K
  class space    used 7311K, committed 7936K, reserved 1048576K
}
Event: 201.052 GC heap before
{Heap before GC invocations=1174 (full 6):
 PSYoungGen      total 2560K, used 2552K [0x00000000d5580000, 0x00000000d5a80000, 0x0000000100000000)
  eden space 2048K, 100% used [0x00000000d5580000,0x00000000d5780000,0x00000000d5780000)
  from space 512K, 98% used [0x00000000d5980000,0x00000000d59fe008,0x00000000d5a00000)
  to   space 512K, 0% used [0x00000000d5a00000,0x00000000d5a00000,0x00000000d5a80000)
 ParOldGen       total 375808K, used 375432K [0x0000000080000000, 0x0000000096f00000, 0x00000000d5580000)
  object space 375808K, 99% used [0x0000000080000000,0x0000000096ea20a8,0x0000000096f00000)
 Metaspace       used 68252K, committed 69632K, reserved 1114112K
  class space    used 7311K, committed 7936K, reserved 1048576K
}
Event: 201.056 GC heap after
{Heap after GC invocations=1174 (full 6):
 PSYoungGen      total 2560K, used 352K [0x00000000d5580000, 0x00000000d5a80000, 0x0000000100000000)
  eden space 2048K, 0% used [0x00000000d5580000,0x00000000d5580000,0x00000000d5780000)
  from space 512K, 68% used [0x00000000d5a00000,0x00000000d5a58000,0x00000000d5a80000)
  to   space 512K, 0% used [0x00000000d5980000,0x00000000d5980000,0x00000000d5a00000)
 ParOldGen       total 376320K, used 375848K [0x0000000080000000, 0x0000000096f80000, 0x00000000d5580000)
  object space 376320K, 99% used [0x0000000080000000,0x0000000096f0a0b0,0x0000000096f80000)
 Metaspace       used 68252K, committed 69632K, reserved 1114112K
  class space    used 7311K, committed 7936K, reserved 1048576K
}
Event: 201.080 GC heap before
{Heap before GC invocations=1175 (full 6):
 PSYoungGen      total 2560K, used 2400K [0x00000000d5580000, 0x00000000d5a80000, 0x0000000100000000)
  eden space 2048K, 100% used [0x00000000d5580000,0x00000000d5780000,0x00000000d5780000)
  from space 512K, 68% used [0x00000000d5a00000,0x00000000d5a58000,0x00000000d5a80000)
  to   space 512K, 0% used [0x00000000d5980000,0x00000000d5980000,0x00000000d5a00000)
 ParOldGen       total 376320K, used 375848K [0x0000000080000000, 0x0000000096f80000, 0x00000000d5580000)
  object space 376320K, 99% used [0x0000000080000000,0x0000000096f0a0b0,0x0000000096f80000)
 Metaspace       used 68252K, committed 69632K, reserved 1114112K
  class space    used 7311K, committed 7936K, reserved 1048576K
}
Event: 201.085 GC heap after
{Heap after GC invocations=1175 (full 6):
 PSYoungGen      total 2560K, used 384K [0x00000000d5580000, 0x00000000d5a80000, 0x0000000100000000)
  eden space 2048K, 0% used [0x00000000d5580000,0x00000000d5580000,0x00000000d5780000)
  from space 512K, 75% used [0x00000000d5980000,0x00000000d59e0000,0x00000000d5a00000)
  to   space 512K, 0% used [0x00000000d5a00000,0x00000000d5a00000,0x00000000d5a80000)
 ParOldGen       total 376320K, used 376088K [0x0000000080000000, 0x0000000096f80000, 0x00000000d5580000)
  object space 376320K, 99% used [0x0000000080000000,0x0000000096f460b0,0x0000000096f80000)
 Metaspace       used 68252K, committed 69632K, reserved 1114112K
  class space    used 7311K, committed 7936K, reserved 1048576K
}
Event: 201.114 GC heap before
{Heap before GC invocations=1176 (full 6):
 PSYoungGen      total 2560K, used 2432K [0x00000000d5580000, 0x00000000d5a80000, 0x0000000100000000)
  eden space 2048K, 100% used [0x00000000d5580000,0x00000000d5780000,0x00000000d5780000)
  from space 512K, 75% used [0x00000000d5980000,0x00000000d59e0000,0x00000000d5a00000)
  to   space 512K, 0% used [0x00000000d5a00000,0x00000000d5a00000,0x00000000d5a80000)
 ParOldGen       total 376320K, used 376088K [0x0000000080000000, 0x0000000096f80000, 0x00000000d5580000)
  object space 376320K, 99% used [0x0000000080000000,0x0000000096f460b0,0x0000000096f80000)
 Metaspace       used 68252K, committed 69632K, reserved 1114112K
  class space    used 7311K, committed 7936K, reserved 1048576K
}
Event: 201.121 GC heap after
{Heap after GC invocations=1176 (full 6):
 PSYoungGen      total 2560K, used 320K [0x00000000d5580000, 0x00000000d5a80000, 0x0000000100000000)
  eden space 2048K, 0% used [0x00000000d5580000,0x00000000d5580000,0x00000000d5780000)
  from space 512K, 62% used [0x00000000d5a00000,0x00000000d5a50000,0x00000000d5a80000)
  to   space 512K, 0% used [0x00000000d5980000,0x00000000d5980000,0x00000000d5a00000)
 ParOldGen       total 376832K, used 376328K [0x0000000080000000, 0x0000000097000000, 0x00000000d5580000)
  object space 376832K, 99% used [0x0000000080000000,0x0000000096f820b0,0x0000000097000000)
 Metaspace       used 68252K, committed 69632K, reserved 1114112K
  class space    used 7311K, committed 7936K, reserved 1048576K
}
Event: 201.151 GC heap before
{Heap before GC invocations=1177 (full 6):
 PSYoungGen      total 2560K, used 2368K [0x00000000d5580000, 0x00000000d5a80000, 0x0000000100000000)
  eden space 2048K, 100% used [0x00000000d5580000,0x00000000d5780000,0x00000000d5780000)
  from space 512K, 62% used [0x00000000d5a00000,0x00000000d5a50000,0x00000000d5a80000)
  to   space 512K, 0% used [0x00000000d5980000,0x00000000d5980000,0x00000000d5a00000)
 ParOldGen       total 376832K, used 376328K [0x0000000080000000, 0x0000000097000000, 0x00000000d5580000)
  object space 376832K, 99% used [0x0000000080000000,0x0000000096f820b0,0x0000000097000000)
 Metaspace       used 68252K, committed 69632K, reserved 1114112K
  class space    used 7311K, committed 7936K, reserved 1048576K
}
Event: 201.155 GC heap after
{Heap after GC invocations=1177 (full 6):
 PSYoungGen      total 2560K, used 416K [0x00000000d5580000, 0x00000000d5a80000, 0x0000000100000000)
  eden space 2048K, 0% used [0x00000000d5580000,0x00000000d5580000,0x00000000d5780000)
  from space 512K, 81% used [0x00000000d5980000,0x00000000d59e8000,0x00000000d5a00000)
  to   space 512K, 0% used [0x00000000d5a00000,0x00000000d5a00000,0x00000000d5a80000)
 ParOldGen       total 376832K, used 376592K [0x0000000080000000, 0x0000000097000000, 0x00000000d5580000)
  object space 376832K, 99% used [0x0000000080000000,0x0000000096fc40b0,0x0000000097000000)
 Metaspace       used 68252K, committed 69632K, reserved 1114112K
  class space    used 7311K, committed 7936K, reserved 1048576K
}
Event: 201.243 GC heap before
{Heap before GC invocations=1178 (full 6):
 PSYoungGen      total 2560K, used 2464K [0x00000000d5580000, 0x00000000d5a80000, 0x0000000100000000)
  eden space 2048K, 100% used [0x00000000d5580000,0x00000000d5780000,0x00000000d5780000)
  from space 512K, 81% used [0x00000000d5980000,0x00000000d59e8000,0x00000000d5a00000)
  to   space 512K, 0% used [0x00000000d5a00000,0x00000000d5a00000,0x00000000d5a80000)
 ParOldGen       total 376832K, used 376592K [0x0000000080000000, 0x0000000097000000, 0x00000000d5580000)
  object space 376832K, 99% used [0x0000000080000000,0x0000000096fc40b0,0x0000000097000000)
 Metaspace       used 68252K, committed 69632K, reserved 1114112K
  class space    used 7311K, committed 7936K, reserved 1048576K
}
Event: 201.248 GC heap after
{Heap after GC invocations=1178 (full 6):
 PSYoungGen      total 2560K, used 352K [0x00000000d5580000, 0x00000000d5a80000, 0x0000000100000000)
  eden space 2048K, 0% used [0x00000000d5580000,0x00000000d5580000,0x00000000d5780000)
  from space 512K, 68% used [0x00000000d5a00000,0x00000000d5a58000,0x00000000d5a80000)
  to   space 512K, 0% used [0x00000000d5980000,0x00000000d5980000,0x00000000d5a00000)
 ParOldGen       total 377344K, used 376848K [0x0000000080000000, 0x0000000097080000, 0x00000000d5580000)
  object space 377344K, 99% used [0x0000000080000000,0x00000000970040b0,0x0000000097080000)
 Metaspace       used 68252K, committed 69632K, reserved 1114112K
  class space    used 7311K, committed 7936K, reserved 1048576K
}
Event: 201.288 GC heap before
{Heap before GC invocations=1179 (full 6):
 PSYoungGen      total 2560K, used 2400K [0x00000000d5580000, 0x00000000d5a80000, 0x0000000100000000)
  eden space 2048K, 100% used [0x00000000d5580000,0x00000000d5780000,0x00000000d5780000)
  from space 512K, 68% used [0x00000000d5a00000,0x00000000d5a58000,0x00000000d5a80000)
  to   space 512K, 0% used [0x00000000d5980000,0x00000000d5980000,0x00000000d5a00000)
 ParOldGen       total 377344K, used 376848K [0x0000000080000000, 0x0000000097080000, 0x00000000d5580000)
  object space 377344K, 99% used [0x0000000080000000,0x00000000970040b0,0x0000000097080000)
 Metaspace       used 68252K, committed 69632K, reserved 1114112K
  class space    used 7311K, committed 7936K, reserved 1048576K
}
Event: 201.292 GC heap after
{Heap after GC invocations=1179 (full 6):
 PSYoungGen      total 2560K, used 416K [0x00000000d5580000, 0x00000000d5a80000, 0x0000000100000000)
  eden space 2048K, 0% used [0x00000000d5580000,0x00000000d5580000,0x00000000d5780000)
  from space 512K, 81% used [0x00000000d5980000,0x00000000d59e8000,0x00000000d5a00000)
  to   space 512K, 0% used [0x00000000d5a00000,0x00000000d5a00000,0x00000000d5a80000)
 ParOldGen       total 377344K, used 377112K [0x0000000080000000, 0x0000000097080000, 0x00000000d5580000)
  object space 377344K, 99% used [0x0000000080000000,0x00000000970460b0,0x0000000097080000)
 Metaspace       used 68252K, committed 69632K, reserved 1114112K
  class space    used 7311K, committed 7936K, reserved 1048576K
}
Event: 201.374 GC heap before
{Heap before GC invocations=1180 (full 6):
 PSYoungGen      total 2560K, used 2454K [0x00000000d5580000, 0x00000000d5a80000, 0x0000000100000000)
  eden space 2048K, 99% used [0x00000000d5580000,0x00000000d577da08,0x00000000d5780000)
  from space 512K, 81% used [0x00000000d5980000,0x00000000d59e8000,0x00000000d5a00000)
  to   space 512K, 0% used [0x00000000d5a00000,0x00000000d5a00000,0x00000000d5a80000)
 ParOldGen       total 377344K, used 377112K [0x0000000080000000, 0x0000000097080000, 0x00000000d5580000)
  object space 377344K, 99% used [0x0000000080000000,0x00000000970460b0,0x0000000097080000)
 Metaspace       used 68252K, committed 69632K, reserved 1114112K
  class space    used 7311K, committed 7936K, reserved 1048576K
}
Event: 201.383 GC heap after
{Heap after GC invocations=1180 (full 6):
 PSYoungGen      total 2560K, used 505K [0x00000000d5580000, 0x00000000d5b80000, 0x0000000100000000)
  eden space 2048K, 0% used [0x00000000d5580000,0x00000000d5580000,0x00000000d5780000)
  from space 512K, 98% used [0x00000000d5a00000,0x00000000d5a7e780,0x00000000d5a80000)
  to   space 2048K, 0% used [0x00000000d5780000,0x00000000d5780000,0x00000000d5980000)
 ParOldGen       total 378368K, used 378319K [0x0000000080000000, 0x0000000097180000, 0x00000000d5580000)
  object space 378368K, 99% used [0x0000000080000000,0x0000000097173f88,0x0000000097180000)
 Metaspace       used 68252K, committed 69632K, reserved 1114112K
  class space    used 7311K, committed 7936K, reserved 1048576K
}
Event: 201.620 GC heap before
{Heap before GC invocations=1181 (full 6):
 PSYoungGen      total 2560K, used 2550K [0x00000000d5580000, 0x00000000d5b80000, 0x0000000100000000)
  eden space 2048K, 99% used [0x00000000d5580000,0x00000000d577f458,0x00000000d5780000)
  from space 512K, 98% used [0x00000000d5a00000,0x00000000d5a7e780,0x00000000d5a80000)
  to   space 2048K, 0% used [0x00000000d5780000,0x00000000d5780000,0x00000000d5980000)
 ParOldGen       total 378368K, used 378319K [0x0000000080000000, 0x0000000097180000, 0x00000000d5580000)
  object space 378368K, 99% used [0x0000000080000000,0x0000000097173f88,0x0000000097180000)
 Metaspace       used 68260K, committed 69632K, reserved 1114112K
  class space    used 7311K, committed 7936K, reserved 1048576K
}
Event: 201.626 GC heap after
{Heap after GC invocations=1181 (full 6):
 PSYoungGen      total 3584K, used 1062K [0x00000000d5580000, 0x00000000d5a80000, 0x0000000100000000)
  eden space 2048K, 0% used [0x00000000d5580000,0x00000000d5580000,0x00000000d5780000)
  from space 1536K, 69% used [0x00000000d5780000,0x00000000d5889900,0x00000000d5900000)
  to   space 1536K, 0% used [0x00000000d5900000,0x00000000d5900000,0x00000000d5a80000)
 ParOldGen       total 378880K, used 378710K [0x0000000080000000, 0x0000000097200000, 0x00000000d5580000)
  object space 378880K, 99% used [0x0000000080000000,0x00000000971d5808,0x0000000097200000)
 Metaspace       used 68260K, committed 69632K, reserved 1114112K
  class space    used 7311K, committed 7936K, reserved 1048576K
}

