# JRE version: OpenJDK Runtime Environment Temurin-21.0.9+10 (21.0.9+10) (build 21.0.9+10-LTS)
# Java VM: OpenJDK 64-Bit Server VM Temurin-21.0.9+10 (21.0.9+10-LTS, mixed mode, sharing, tiered, compressed oops, compressed class ptrs, parallel gc, windows-amd64)
GC Precious Log:
 CardTable entry size: 512
 CPUs: 8 total, 8 available
 Memory: 7835M
 Large Page Support: Disabled
 NUMA Support: Disabled
 Compressed Oops: Enabled (32-bit)
 Alignments: Space 512K, Generation 512K, Heap 2M
 Heap Min Capacity: 100M
 Heap Initial Capacity: 100M
 Heap Max Capacity: 2G
 Pre-touch: Disabled
 Parallel Workers: 8
Heap:
 PSYoungGen      total 17920K, used 13561K [0x00000000d5580000, 0x00000000d6900000, 0x0000000100000000)
  eden space 15872K, 85% used [0x00000000d5580000,0x00000000d62be450,0x00000000d6500000)
  from space 2048K, 0% used [0x00000000d6580000,0x00000000d6580000,0x00000000d6780000)
  to   space 1536K, 0% used [0x00000000d6780000,0x00000000d6780000,0x00000000d6900000)
 ParOldGen       total 113664K, used 95735K [0x0000000080000000, 0x0000000086f00000, 0x00000000d5580000)
  object space 113664K, 84% used [0x0000000080000000,0x0000000085d7dd30,0x0000000086f00000)
 Metaspace       used 58686K, committed 60096K, reserved 1114112K
  class space    used 6304K, committed 6912K, reserved 1048576K
GC Heap History (20 events):
Event: 48.639 GC heap before
{Heap before GC invocations=49 (full 2):
 PSYoungGen      total 19968K, used 19944K [0x00000000d5580000, 0x00000000d7500000, 0x0000000100000000)
  eden space 17408K, 100% used [0x00000000d5580000,0x00000000d6680000,0x00000000d6680000)
  from space 2560K, 99% used [0x00000000d6c80000,0x00000000d6efa050,0x00000000d6f00000)
  to   space 6144K, 0% used [0x00000000d6680000,0x00000000d6680000,0x00000000d6c80000)
 ParOldGen       total 98304K, used 97990K [0x0000000080000000, 0x0000000086000000, 0x00000000d5580000)
  object space 98304K, 99% used [0x0000000080000000,0x0000000085fb1b60,0x0000000086000000)
 Metaspace       used 56728K, committed 58048K, reserved 1114112K
  class space    used 6106K, committed 6720K, reserved 1048576K
}
Event: 48.647 GC heap after
{Heap after GC invocations=49 (full 2):
 PSYoungGen      total 18944K, used 1214K [0x00000000d5580000, 0x00000000d6d00000, 0x0000000100000000)
  eden space 17408K, 0% used [0x00000000d5580000,0x00000000d5580000,0x00000000d6680000)
  from space 1536K, 79% used [0x00000000d6680000,0x00000000d67af960,0x00000000d6800000)
  to   space 3072K, 0% used [0x00000000d6a00000,0x00000000d6a00000,0x00000000d6d00000)
 ParOldGen       total 100864K, used 100398K [0x0000000080000000, 0x0000000086280000, 0x00000000d5580000)
  object space 100864K, 99% used [0x0000000080000000,0x000000008620b8d0,0x0000000086280000)
 Metaspace       used 56728K, committed 58048K, reserved 1114112K
  class space    used 6106K, committed 6720K, reserved 1048576K
}
Event: 49.447 GC heap before
{Heap before GC invocations=50 (full 2):
 PSYoungGen      total 18944K, used 18622K [0x00000000d5580000, 0x00000000d6d00000, 0x0000000100000000)
  eden space 17408K, 100% used [0x00000000d5580000,0x00000000d6680000,0x00000000d6680000)
  from space 1536K, 79% used [0x00000000d6680000,0x00000000d67af960,0x00000000d6800000)
  to   space 3072K, 0% used [0x00000000d6a00000,0x00000000d6a00000,0x00000000d6d00000)
 ParOldGen       total 100864K, used 100398K [0x0000000080000000, 0x0000000086280000, 0x00000000d5580000)
  object space 100864K, 99% used [0x0000000080000000,0x000000008620b8d0,0x0000000086280000)
 Metaspace       used 56923K, committed 58304K, reserved 1114112K
  class space    used 6111K, committed 6720K, reserved 1048576K
}
Event: 49.454 GC heap after
{Heap after GC invocations=50 (full 2):
 PSYoungGen      total 18944K, used 1436K [0x00000000d5580000, 0x00000000d6b80000, 0x0000000100000000)
  eden space 17408K, 0% used [0x00000000d5580000,0x00000000d5580000,0x00000000d6680000)
  from space 1536K, 93% used [0x00000000d6a00000,0x00000000d6b671f0,0x00000000d6b80000)
  to   space 2048K, 0% used [0x00000000d6780000,0x00000000d6780000,0x00000000d6980000)
 ParOldGen       total 101376K, used 101188K [0x0000000080000000, 0x0000000086300000, 0x00000000d5580000)
  object space 101376K, 99% used [0x0000000080000000,0x00000000862d1248,0x0000000086300000)
 Metaspace       used 56923K, committed 58304K, reserved 1114112K
  class space    used 6111K, committed 6720K, reserved 1048576K
}
Event: 50.182 GC heap before
{Heap before GC invocations=51 (full 2):
 PSYoungGen      total 18944K, used 18844K [0x00000000d5580000, 0x00000000d6b80000, 0x0000000100000000)
  eden space 17408K, 100% used [0x00000000d5580000,0x00000000d6680000,0x00000000d6680000)
  from space 1536K, 93% used [0x00000000d6a00000,0x00000000d6b671f0,0x00000000d6b80000)
  to   space 2048K, 0% used [0x00000000d6780000,0x00000000d6780000,0x00000000d6980000)
 ParOldGen       total 101376K, used 101188K [0x0000000080000000, 0x0000000086300000, 0x00000000d5580000)
  object space 101376K, 99% used [0x0000000080000000,0x00000000862d1248,0x0000000086300000)
 Metaspace       used 57060K, committed 58432K, reserved 1114112K
  class space    used 6114K, committed 6720K, reserved 1048576K
}
Event: 50.187 GC heap after
{Heap after GC invocations=51 (full 2):
 PSYoungGen      total 18944K, used 1421K [0x00000000d5580000, 0x00000000d6a80000, 0x0000000100000000)
  eden space 17408K, 0% used [0x00000000d5580000,0x00000000d5580000,0x00000000d6680000)
  from space 1536K, 92% used [0x00000000d6780000,0x00000000d68e3760,0x00000000d6900000)
  to   space 1536K, 0% used [0x00000000d6900000,0x00000000d6900000,0x00000000d6a80000)
 ParOldGen       total 102400K, used 102145K [0x0000000080000000, 0x0000000086400000, 0x00000000d5580000)
  object space 102400K, 99% used [0x0000000080000000,0x00000000863c0418,0x0000000086400000)
 Metaspace       used 57060K, committed 58432K, reserved 1114112K
  class space    used 6114K, committed 6720K, reserved 1048576K
}
Event: 50.725 GC heap before
{Heap before GC invocations=52 (full 2):
 PSYoungGen      total 18944K, used 18829K [0x00000000d5580000, 0x00000000d6a80000, 0x0000000100000000)
  eden space 17408K, 100% used [0x00000000d5580000,0x00000000d6680000,0x00000000d6680000)
  from space 1536K, 92% used [0x00000000d6780000,0x00000000d68e3760,0x00000000d6900000)
  to   space 1536K, 0% used [0x00000000d6900000,0x00000000d6900000,0x00000000d6a80000)
 ParOldGen       total 102400K, used 102145K [0x0000000080000000, 0x0000000086400000, 0x00000000d5580000)
  object space 102400K, 99% used [0x0000000080000000,0x00000000863c0418,0x0000000086400000)
 Metaspace       used 57082K, committed 58432K, reserved 1114112K
  class space    used 6114K, committed 6720K, reserved 1048576K
}
Event: 50.732 GC heap after
{Heap after GC invocations=52 (full 2):
 PSYoungGen      total 17408K, used 1521K [0x00000000d5580000, 0x00000000d6e80000, 0x0000000100000000)
  eden space 15872K, 0% used [0x00000000d5580000,0x00000000d5580000,0x00000000d6500000)
  from space 1536K, 99% used [0x00000000d6900000,0x00000000d6a7c5c8,0x00000000d6a80000)
  to   space 4096K, 0% used [0x00000000d6500000,0x00000000d6500000,0x00000000d6900000)
 ParOldGen       total 104448K, used 104270K [0x0000000080000000, 0x0000000086600000, 0x00000000d5580000)
  object space 104448K, 99% used [0x0000000080000000,0x00000000865d38f8,0x0000000086600000)
 Metaspace       used 57082K, committed 58432K, reserved 1114112K
  class space    used 6114K, committed 6720K, reserved 1048576K
}
Event: 50.957 GC heap before
{Heap before GC invocations=53 (full 2):
 PSYoungGen      total 17408K, used 17393K [0x00000000d5580000, 0x00000000d6e80000, 0x0000000100000000)
  eden space 15872K, 100% used [0x00000000d5580000,0x00000000d6500000,0x00000000d6500000)
  from space 1536K, 99% used [0x00000000d6900000,0x00000000d6a7c5c8,0x00000000d6a80000)
  to   space 4096K, 0% used [0x00000000d6500000,0x00000000d6500000,0x00000000d6900000)
 ParOldGen       total 104448K, used 104270K [0x0000000080000000, 0x0000000086600000, 0x00000000d5580000)
  object space 104448K, 99% used [0x0000000080000000,0x00000000865d38f8,0x0000000086600000)
 Metaspace       used 57321K, committed 58688K, reserved 1114112K
  class space    used 6143K, committed 6784K, reserved 1048576K
}
Event: 50.968 GC heap after
{Heap after GC invocations=53 (full 2):
 PSYoungGen      total 18432K, used 2410K [0x00000000d5580000, 0x00000000d6b00000, 0x0000000100000000)
  eden space 15872K, 0% used [0x00000000d5580000,0x00000000d5580000,0x00000000d6500000)
  from space 2560K, 94% used [0x00000000d6500000,0x00000000d675aba0,0x00000000d6780000)
  to   space 3072K, 0% used [0x00000000d6800000,0x00000000d6800000,0x00000000d6b00000)
 ParOldGen       total 105984K, used 105783K [0x0000000080000000, 0x0000000086780000, 0x00000000d5580000)
  object space 105984K, 99% used [0x0000000080000000,0x000000008674dff0,0x0000000086780000)
 Metaspace       used 57321K, committed 58688K, reserved 1114112K
  class space    used 6143K, committed 6784K, reserved 1048576K
}
Event: 51.281 GC heap before
{Heap before GC invocations=54 (full 2):
 PSYoungGen      total 18432K, used 18282K [0x00000000d5580000, 0x00000000d6b00000, 0x0000000100000000)
  eden space 15872K, 100% used [0x00000000d5580000,0x00000000d6500000,0x00000000d6500000)
  from space 2560K, 94% used [0x00000000d6500000,0x00000000d675aba0,0x00000000d6780000)
  to   space 3072K, 0% used [0x00000000d6800000,0x00000000d6800000,0x00000000d6b00000)
 ParOldGen       total 105984K, used 105783K [0x0000000080000000, 0x0000000086780000, 0x00000000d5580000)
  object space 105984K, 99% used [0x0000000080000000,0x000000008674dff0,0x0000000086780000)
 Metaspace       used 57524K, committed 58880K, reserved 1114112K
  class space    used 6174K, committed 6784K, reserved 1048576K
}
Event: 51.288 GC heap after
{Heap after GC invocations=54 (full 2):
 PSYoungGen      total 18432K, used 2485K [0x00000000d5580000, 0x00000000d6a80000, 0x0000000100000000)
  eden space 15872K, 0% used [0x00000000d5580000,0x00000000d5580000,0x00000000d6500000)
  from space 2560K, 97% used [0x00000000d6800000,0x00000000d6a6d560,0x00000000d6a80000)
  to   space 2560K, 0% used [0x00000000d6500000,0x00000000d6500000,0x00000000d6780000)
 ParOldGen       total 108544K, used 108078K [0x0000000080000000, 0x0000000086a00000, 0x00000000d5580000)
  object space 108544K, 99% used [0x0000000080000000,0x000000008698bb20,0x0000000086a00000)
 Metaspace       used 57524K, committed 58880K, reserved 1114112K
  class space    used 6174K, committed 6784K, reserved 1048576K
}
Event: 51.619 GC heap before
{Heap before GC invocations=55 (full 2):
 PSYoungGen      total 18432K, used 18357K [0x00000000d5580000, 0x00000000d6a80000, 0x0000000100000000)
  eden space 15872K, 100% used [0x00000000d5580000,0x00000000d6500000,0x00000000d6500000)
  from space 2560K, 97% used [0x00000000d6800000,0x00000000d6a6d560,0x00000000d6a80000)
  to   space 2560K, 0% used [0x00000000d6500000,0x00000000d6500000,0x00000000d6780000)
 ParOldGen       total 108544K, used 108078K [0x0000000080000000, 0x0000000086a00000, 0x00000000d5580000)
  object space 108544K, 99% used [0x0000000080000000,0x000000008698bb20,0x0000000086a00000)
 Metaspace       used 57768K, committed 59136K, reserved 1114112K
  class space    used 6211K, committed 6848K, reserved 1048576K
}
Event: 51.627 GC heap after
{Heap after GC invocations=55 (full 2):
 PSYoungGen      total 18432K, used 2289K [0x00000000d5580000, 0x00000000d6a00000, 0x0000000100000000)
  eden space 15872K, 0% used [0x00000000d5580000,0x00000000d5580000,0x00000000d6500000)
  from space 2560K, 89% used [0x00000000d6500000,0x00000000d673c558,0x00000000d6780000)
  to   space 2560K, 0% used [0x00000000d6780000,0x00000000d6780000,0x00000000d6a00000)
 ParOldGen       total 110592K, used 110236K [0x0000000080000000, 0x0000000086c00000, 0x00000000d5580000)
  object space 110592K, 99% used [0x0000000080000000,0x0000000086ba7150,0x0000000086c00000)
 Metaspace       used 57768K, committed 59136K, reserved 1114112K
  class space    used 6211K, committed 6848K, reserved 1048576K
}
Event: 52.224 GC heap before
{Heap before GC invocations=56 (full 2):
 PSYoungGen      total 18432K, used 18161K [0x00000000d5580000, 0x00000000d6a00000, 0x0000000100000000)
  eden space 15872K, 100% used [0x00000000d5580000,0x00000000d6500000,0x00000000d6500000)
  from space 2560K, 89% used [0x00000000d6500000,0x00000000d673c558,0x00000000d6780000)
  to   space 2560K, 0% used [0x00000000d6780000,0x00000000d6780000,0x00000000d6a00000)
 ParOldGen       total 110592K, used 110236K [0x0000000080000000, 0x0000000086c00000, 0x00000000d5580000)
  object space 110592K, 99% used [0x0000000080000000,0x0000000086ba7150,0x0000000086c00000)
 Metaspace       used 57950K, committed 59392K, reserved 1114112K
  class space    used 6228K, committed 6848K, reserved 1048576K
}
Event: 52.233 GC heap after
{Heap after GC invocations=56 (full 2):
 PSYoungGen      total 17920K, used 1707K [0x00000000d5580000, 0x00000000d6980000, 0x0000000100000000)
  eden space 15872K, 0% used [0x00000000d5580000,0x00000000d5580000,0x00000000d6500000)
  from space 2048K, 83% used [0x00000000d6780000,0x00000000d692ade8,0x00000000d6980000)
  to   space 2048K, 0% used [0x00000000d6580000,0x00000000d6580000,0x00000000d6780000)
 ParOldGen       total 112640K, used 112146K [0x0000000080000000, 0x0000000086e00000, 0x00000000d5580000)
  object space 112640K, 99% used [0x0000000080000000,0x0000000086d84bd8,0x0000000086e00000)
 Metaspace       used 57950K, committed 59392K, reserved 1114112K
  class space    used 6228K, committed 6848K, reserved 1048576K
}
Event: 52.629 GC heap before
{Heap before GC invocations=57 (full 2):
 PSYoungGen      total 17920K, used 13879K [0x00000000d5580000, 0x00000000d6980000, 0x0000000100000000)
  eden space 15872K, 76% used [0x00000000d5580000,0x00000000d6162e30,0x00000000d6500000)
  from space 2048K, 83% used [0x00000000d6780000,0x00000000d692ade8,0x00000000d6980000)
  to   space 2048K, 0% used [0x00000000d6580000,0x00000000d6580000,0x00000000d6780000)
 ParOldGen       total 112640K, used 112146K [0x0000000080000000, 0x0000000086e00000, 0x00000000d5580000)
  object space 112640K, 99% used [0x0000000080000000,0x0000000086d84bd8,0x0000000086e00000)
 Metaspace       used 58384K, committed 59776K, reserved 1114112K
  class space    used 6269K, committed 6848K, reserved 1048576K
}
Event: 52.635 GC heap after
{Heap after GC invocations=57 (full 2):
 PSYoungGen      total 17920K, used 1626K [0x00000000d5580000, 0x00000000d6900000, 0x0000000100000000)
  eden space 15872K, 0% used [0x00000000d5580000,0x00000000d5580000,0x00000000d6500000)
  from space 2048K, 79% used [0x00000000d6580000,0x00000000d67168c8,0x00000000d6780000)
  to   space 1536K, 0% used [0x00000000d6780000,0x00000000d6780000,0x00000000d6900000)
 ParOldGen       total 113664K, used 113652K [0x0000000080000000, 0x0000000086f00000, 0x00000000d5580000)
  object space 113664K, 99% used [0x0000000080000000,0x0000000086efd1b8,0x0000000086f00000)
 Metaspace       used 58384K, committed 59776K, reserved 1114112K
  class space    used 6269K, committed 6848K, reserved 1048576K
}
Event: 52.635 GC heap before
{Heap before GC invocations=58 (full 3):
 PSYoungGen      total 17920K, used 1626K [0x00000000d5580000, 0x00000000d6900000, 0x0000000100000000)
  eden space 15872K, 0% used [0x00000000d5580000,0x00000000d5580000,0x00000000d6500000)
  from space 2048K, 79% used [0x00000000d6580000,0x00000000d67168c8,0x00000000d6780000)
  to   space 1536K, 0% used [0x00000000d6780000,0x00000000d6780000,0x00000000d6900000)
 ParOldGen       total 113664K, used 113652K [0x0000000080000000, 0x0000000086f00000, 0x00000000d5580000)
  object space 113664K, 99% used [0x0000000080000000,0x0000000086efd1b8,0x0000000086f00000)
 Metaspace       used 58384K, committed 59776K, reserved 1114112K
  class space    used 6269K, committed 6848K, reserved 1048576K
}
Event: 53.086 GC heap after
{Heap after GC invocations=58 (full 3):
 PSYoungGen      total 17920K, used 0K [0x00000000d5580000, 0x00000000d6900000, 0x0000000100000000)
  eden space 15872K, 0% used [0x00000000d5580000,0x00000000d5580000,0x00000000d6500000)
  from space 2048K, 0% used [0x00000000d6580000,0x00000000d6580000,0x00000000d6780000)
  to   space 1536K, 0% used [0x00000000d6780000,0x00000000d6780000,0x00000000d6900000)
 ParOldGen       total 113664K, used 95735K [0x0000000080000000, 0x0000000086f00000, 0x00000000d5580000)
  object space 113664K, 84% used [0x0000000080000000,0x0000000085d7dd30,0x0000000086f00000)
 Metaspace       used 58384K, committed 59776K, reserved 1114112K
  class space    used 6269K, committed 6848K, reserved 1048576K
}

