# JRE version: OpenJDK Runtime Environment Temurin-21.0.9+10 (21.0.9+10) (build 21.0.9+10-LTS)
# Java VM: OpenJDK 64-Bit Server VM Temurin-21.0.9+10 (21.0.9+10-LTS, mixed mode, sharing, tiered, compressed oops, compressed class ptrs, parallel gc, windows-amd64)
GC Precious Log:
 CardTable entry size: 512
 CPUs: 8 total, 8 available
 Memory: 7835M
 Large Page Support: Disabled
 NUMA Support: Disabled
 Compressed Oops: Enabled (32-bit)
 Alignments: Space 512K, Generation 512K, Heap 2M
 Heap Min Capacity: 100M
 Heap Initial Capacity: 100M
 Heap Max Capacity: 2G
 Pre-touch: Disabled
 Parallel Workers: 8
Heap:
 PSYoungGen      total 3584K, used 3552K [0x00000000d5580000, 0x00000000d5a00000, 0x0000000100000000)
  eden space 3072K, 100% used [0x00000000d5580000,0x00000000d5880000,0x00000000d5880000)
  from space 512K, 93% used [0x00000000d5980000,0x00000000d59f8000,0x00000000d5a00000)
  to   space 512K, 98% used [0x00000000d5900000,0x00000000d597e110,0x00000000d5980000)
 ParOldGen       total 329216K, used 328727K [0x0000000080000000, 0x0000000094180000, 0x00000000d5580000)
  object space 329216K, 99% used [0x0000000080000000,0x0000000094105f28,0x0000000094180000)
 Metaspace       used 60404K, committed 61888K, reserved 1114112K
  class space    used 6487K, committed 7168K, reserved 1048576K
GC Heap History (20 events):
Event: 66.580 GC heap after
{Heap after GC invocations=457 (full 3):
 PSYoungGen      total 3584K, used 504K [0x00000000d5580000, 0x00000000d5a80000, 0x0000000100000000)
  eden space 3072K, 0% used [0x00000000d5580000,0x00000000d5580000,0x00000000d5880000)
  from space 512K, 98% used [0x00000000d5980000,0x00000000d59fe008,0x00000000d5a00000)
  to   space 1024K, 0% used [0x00000000d5880000,0x00000000d5880000,0x00000000d5980000)
 ParOldGen       total 325632K, used 325316K [0x0000000080000000, 0x0000000093e00000, 0x00000000d5580000)
  object space 325632K, 99% used [0x0000000080000000,0x0000000093db1280,0x0000000093e00000)
 Metaspace       used 60399K, committed 61888K, reserved 1114112K
  class space    used 6487K, committed 7168K, reserved 1048576K
}
Event: 66.636 GC heap before
{Heap before GC invocations=458 (full 3):
 PSYoungGen      total 3584K, used 3576K [0x00000000d5580000, 0x00000000d5a80000, 0x0000000100000000)
  eden space 3072K, 100% used [0x00000000d5580000,0x00000000d5880000,0x00000000d5880000)
  from space 512K, 98% used [0x00000000d5980000,0x00000000d59fe008,0x00000000d5a00000)
  to   space 1024K, 0% used [0x00000000d5880000,0x00000000d5880000,0x00000000d5980000)
 ParOldGen       total 325632K, used 325316K [0x0000000080000000, 0x0000000093e00000, 0x00000000d5580000)
  object space 325632K, 99% used [0x0000000080000000,0x0000000093db1280,0x0000000093e00000)
 Metaspace       used 60399K, committed 61888K, reserved 1114112K
  class space    used 6487K, committed 7168K, reserved 1048576K
}
Event: 66.643 GC heap after
{Heap after GC invocations=458 (full 3):
 PSYoungGen      total 4096K, used 416K [0x00000000d5580000, 0x00000000d5a80000, 0x0000000100000000)
  eden space 3072K, 0% used [0x00000000d5580000,0x00000000d5580000,0x00000000d5880000)
  from space 1024K, 40% used [0x00000000d5880000,0x00000000d58e8000,0x00000000d5980000)
  to   space 1024K, 0% used [0x00000000d5980000,0x00000000d5980000,0x00000000d5a80000)
 ParOldGen       total 326144K, used 325780K [0x0000000080000000, 0x0000000093e80000, 0x00000000d5580000)
  object space 326144K, 99% used [0x0000000080000000,0x0000000093e25288,0x0000000093e80000)
 Metaspace       used 60399K, committed 61888K, reserved 1114112K
  class space    used 6487K, committed 7168K, reserved 1048576K
}
Event: 66.708 GC heap before
{Heap before GC invocations=459 (full 3):
 PSYoungGen      total 4096K, used 3488K [0x00000000d5580000, 0x00000000d5a80000, 0x0000000100000000)
  eden space 3072K, 100% used [0x00000000d5580000,0x00000000d5880000,0x00000000d5880000)
  from space 1024K, 40% used [0x00000000d5880000,0x00000000d58e8000,0x00000000d5980000)
  to   space 1024K, 0% used [0x00000000d5980000,0x00000000d5980000,0x00000000d5a80000)
 ParOldGen       total 326144K, used 325780K [0x0000000080000000, 0x0000000093e80000, 0x00000000d5580000)
  object space 326144K, 99% used [0x0000000080000000,0x0000000093e25288,0x0000000093e80000)
 Metaspace       used 60399K, committed 61888K, reserved 1114112K
  class space    used 6487K, committed 7168K, reserved 1048576K
}
Event: 66.712 GC heap after
{Heap after GC invocations=459 (full 3):
 PSYoungGen      total 4096K, used 496K [0x00000000d5580000, 0x00000000d5a80000, 0x0000000100000000)
  eden space 3072K, 0% used [0x00000000d5580000,0x00000000d5580000,0x00000000d5880000)
  from space 1024K, 48% used [0x00000000d5980000,0x00000000d59fc010,0x00000000d5a80000)
  to   space 1024K, 0% used [0x00000000d5880000,0x00000000d5880000,0x00000000d5980000)
 ParOldGen       total 326144K, used 326092K [0x0000000080000000, 0x0000000093e80000, 0x00000000d5580000)
  object space 326144K, 99% used [0x0000000080000000,0x0000000093e73288,0x0000000093e80000)
 Metaspace       used 60399K, committed 61888K, reserved 1114112K
  class space    used 6487K, committed 7168K, reserved 1048576K
}
Event: 66.800 GC heap before
{Heap before GC invocations=460 (full 3):
 PSYoungGen      total 4096K, used 3567K [0x00000000d5580000, 0x00000000d5a80000, 0x0000000100000000)
  eden space 3072K, 99% used [0x00000000d5580000,0x00000000d587ffc8,0x00000000d5880000)
  from space 1024K, 48% used [0x00000000d5980000,0x00000000d59fc010,0x00000000d5a80000)
  to   space 1024K, 0% used [0x00000000d5880000,0x00000000d5880000,0x00000000d5980000)
 ParOldGen       total 326144K, used 326092K [0x0000000080000000, 0x0000000093e80000, 0x00000000d5580000)
  object space 326144K, 99% used [0x0000000080000000,0x0000000093e73288,0x0000000093e80000)
 Metaspace       used 60400K, committed 61888K, reserved 1114112K
  class space    used 6487K, committed 7168K, reserved 1048576K
}
Event: 66.804 GC heap after
{Heap after GC invocations=460 (full 3):
 PSYoungGen      total 4096K, used 480K [0x00000000d5580000, 0x00000000d5a00000, 0x0000000100000000)
  eden space 3072K, 0% used [0x00000000d5580000,0x00000000d5580000,0x00000000d5880000)
  from space 1024K, 46% used [0x00000000d5880000,0x00000000d58f8000,0x00000000d5980000)
  to   space 512K, 0% used [0x00000000d5980000,0x00000000d5980000,0x00000000d5a00000)
 ParOldGen       total 326656K, used 326452K [0x0000000080000000, 0x0000000093f00000, 0x00000000d5580000)
  object space 326656K, 99% used [0x0000000080000000,0x0000000093ecd288,0x0000000093f00000)
 Metaspace       used 60400K, committed 61888K, reserved 1114112K
  class space    used 6487K, committed 7168K, reserved 1048576K
}
Event: 67.146 GC heap before
{Heap before GC invocations=461 (full 3):
 PSYoungGen      total 4096K, used 3552K [0x00000000d5580000, 0x00000000d5a00000, 0x0000000100000000)
  eden space 3072K, 100% used [0x00000000d5580000,0x00000000d5880000,0x00000000d5880000)
  from space 1024K, 46% used [0x00000000d5880000,0x00000000d58f8000,0x00000000d5980000)
  to   space 512K, 0% used [0x00000000d5980000,0x00000000d5980000,0x00000000d5a00000)
 ParOldGen       total 326656K, used 326452K [0x0000000080000000, 0x0000000093f00000, 0x00000000d5580000)
  object space 326656K, 99% used [0x0000000080000000,0x0000000093ecd288,0x0000000093f00000)
 Metaspace       used 60403K, committed 61888K, reserved 1114112K
  class space    used 6487K, committed 7168K, reserved 1048576K
}
Event: 67.152 GC heap after
{Heap after GC invocations=461 (full 3):
 PSYoungGen      total 3584K, used 495K [0x00000000d5580000, 0x00000000d5a80000, 0x0000000100000000)
  eden space 3072K, 0% used [0x00000000d5580000,0x00000000d5580000,0x00000000d5880000)
  from space 512K, 96% used [0x00000000d5980000,0x00000000d59fbe00,0x00000000d5a00000)
  to   space 1024K, 0% used [0x00000000d5880000,0x00000000d5880000,0x00000000d5980000)
 ParOldGen       total 327168K, used 326820K [0x0000000080000000, 0x0000000093f80000, 0x00000000d5580000)
  object space 327168K, 99% used [0x0000000080000000,0x0000000093f29288,0x0000000093f80000)
 Metaspace       used 60403K, committed 61888K, reserved 1114112K
  class space    used 6487K, committed 7168K, reserved 1048576K
}
Event: 67.535 GC heap before
{Heap before GC invocations=462 (full 3):
 PSYoungGen      total 3584K, used 3567K [0x00000000d5580000, 0x00000000d5a80000, 0x0000000100000000)
  eden space 3072K, 100% used [0x00000000d5580000,0x00000000d5880000,0x00000000d5880000)
  from space 512K, 96% used [0x00000000d5980000,0x00000000d59fbe00,0x00000000d5a00000)
  to   space 1024K, 0% used [0x00000000d5880000,0x00000000d5880000,0x00000000d5980000)
 ParOldGen       total 327168K, used 326820K [0x0000000080000000, 0x0000000093f80000, 0x00000000d5580000)
  object space 327168K, 99% used [0x0000000080000000,0x0000000093f29288,0x0000000093f80000)
 Metaspace       used 60403K, committed 61888K, reserved 1114112K
  class space    used 6487K, committed 7168K, reserved 1048576K
}
Event: 67.545 GC heap after
{Heap after GC invocations=462 (full 3):
 PSYoungGen      total 4096K, used 416K [0x00000000d5580000, 0x00000000d5a80000, 0x0000000100000000)
  eden space 3072K, 0% used [0x00000000d5580000,0x00000000d5580000,0x00000000d5880000)
  from space 1024K, 40% used [0x00000000d5880000,0x00000000d58e8000,0x00000000d5980000)
  to   space 1024K, 0% used [0x00000000d5980000,0x00000000d5980000,0x00000000d5a80000)
 ParOldGen       total 327680K, used 327182K [0x0000000080000000, 0x0000000094000000, 0x00000000d5580000)
  object space 327680K, 99% used [0x0000000080000000,0x0000000093f83b18,0x0000000094000000)
 Metaspace       used 60403K, committed 61888K, reserved 1114112K
  class space    used 6487K, committed 7168K, reserved 1048576K
}
Event: 67.717 GC heap before
{Heap before GC invocations=463 (full 3):
 PSYoungGen      total 4096K, used 3474K [0x00000000d5580000, 0x00000000d5a80000, 0x0000000100000000)
  eden space 3072K, 99% used [0x00000000d5580000,0x00000000d587c8a0,0x00000000d5880000)
  from space 1024K, 40% used [0x00000000d5880000,0x00000000d58e8000,0x00000000d5980000)
  to   space 1024K, 0% used [0x00000000d5980000,0x00000000d5980000,0x00000000d5a80000)
 ParOldGen       total 327680K, used 327182K [0x0000000080000000, 0x0000000094000000, 0x00000000d5580000)
  object space 327680K, 99% used [0x0000000080000000,0x0000000093f83b18,0x0000000094000000)
 Metaspace       used 60404K, committed 61888K, reserved 1114112K
  class space    used 6487K, committed 7168K, reserved 1048576K
}
Event: 67.722 GC heap after
{Heap after GC invocations=463 (full 3):
 PSYoungGen      total 3584K, used 475K [0x00000000d5580000, 0x00000000d5a00000, 0x0000000100000000)
  eden space 3072K, 0% used [0x00000000d5580000,0x00000000d5580000,0x00000000d5880000)
  from space 512K, 92% used [0x00000000d5980000,0x00000000d59f6c08,0x00000000d5a00000)
  to   space 512K, 0% used [0x00000000d5900000,0x00000000d5900000,0x00000000d5980000)
 ParOldGen       total 327680K, used 327534K [0x0000000080000000, 0x0000000094000000, 0x00000000d5580000)
  object space 327680K, 99% used [0x0000000080000000,0x0000000093fdbb18,0x0000000094000000)
 Metaspace       used 60404K, committed 61888K, reserved 1114112K
  class space    used 6487K, committed 7168K, reserved 1048576K
}
Event: 67.989 GC heap before
{Heap before GC invocations=464 (full 3):
 PSYoungGen      total 3584K, used 3537K [0x00000000d5580000, 0x00000000d5a00000, 0x0000000100000000)
  eden space 3072K, 99% used [0x00000000d5580000,0x00000000d587dbb0,0x00000000d5880000)
  from space 512K, 92% used [0x00000000d5980000,0x00000000d59f6c08,0x00000000d5a00000)
  to   space 512K, 0% used [0x00000000d5900000,0x00000000d5900000,0x00000000d5980000)
 ParOldGen       total 327680K, used 327534K [0x0000000080000000, 0x0000000094000000, 0x00000000d5580000)
  object space 327680K, 99% used [0x0000000080000000,0x0000000093fdbb18,0x0000000094000000)
 Metaspace       used 60404K, committed 61888K, reserved 1114112K
  class space    used 6487K, committed 7168K, reserved 1048576K
}
Event: 67.994 GC heap after
{Heap after GC invocations=464 (full 3):
 PSYoungGen      total 3584K, used 480K [0x00000000d5580000, 0x00000000d5a00000, 0x0000000100000000)
  eden space 3072K, 0% used [0x00000000d5580000,0x00000000d5580000,0x00000000d5880000)
  from space 512K, 93% used [0x00000000d5900000,0x00000000d5978000,0x00000000d5980000)
  to   space 512K, 0% used [0x00000000d5980000,0x00000000d5980000,0x00000000d5a00000)
 ParOldGen       total 328192K, used 327929K [0x0000000080000000, 0x0000000094080000, 0x00000000d5580000)
  object space 328192K, 99% used [0x0000000080000000,0x000000009403e720,0x0000000094080000)
 Metaspace       used 60404K, committed 61888K, reserved 1114112K
  class space    used 6487K, committed 7168K, reserved 1048576K
}
Event: 68.304 GC heap before
{Heap before GC invocations=465 (full 3):
 PSYoungGen      total 3584K, used 3552K [0x00000000d5580000, 0x00000000d5a00000, 0x0000000100000000)
  eden space 3072K, 100% used [0x00000000d5580000,0x00000000d5880000,0x00000000d5880000)
  from space 512K, 93% used [0x00000000d5900000,0x00000000d5978000,0x00000000d5980000)
  to   space 512K, 0% used [0x00000000d5980000,0x00000000d5980000,0x00000000d5a00000)
 ParOldGen       total 328192K, used 327929K [0x0000000080000000, 0x0000000094080000, 0x00000000d5580000)
  object space 328192K, 99% used [0x0000000080000000,0x000000009403e720,0x0000000094080000)
 Metaspace       used 60404K, committed 61888K, reserved 1114112K
  class space    used 6487K, committed 7168K, reserved 1048576K
}
Event: 68.311 GC heap after
{Heap after GC invocations=465 (full 3):
 PSYoungGen      total 3584K, used 480K [0x00000000d5580000, 0x00000000d5a00000, 0x0000000100000000)
  eden space 3072K, 0% used [0x00000000d5580000,0x00000000d5580000,0x00000000d5880000)
  from space 512K, 93% used [0x00000000d5980000,0x00000000d59f8000,0x00000000d5a00000)
  to   space 512K, 0% used [0x00000000d5900000,0x00000000d5900000,0x00000000d5980000)
 ParOldGen       total 328704K, used 328367K [0x0000000080000000, 0x0000000094100000, 0x00000000d5580000)
  object space 328704K, 99% used [0x0000000080000000,0x00000000940abf28,0x0000000094100000)
 Metaspace       used 60404K, committed 61888K, reserved 1114112K
  class space    used 6487K, committed 7168K, reserved 1048576K
}
Event: 68.576 GC heap before
{Heap before GC invocations=466 (full 3):
 PSYoungGen      total 3584K, used 3552K [0x00000000d5580000, 0x00000000d5a00000, 0x0000000100000000)
  eden space 3072K, 100% used [0x00000000d5580000,0x00000000d5880000,0x00000000d5880000)
  from space 512K, 93% used [0x00000000d5980000,0x00000000d59f8000,0x00000000d5a00000)
  to   space 512K, 0% used [0x00000000d5900000,0x00000000d5900000,0x00000000d5980000)
 ParOldGen       total 328704K, used 328367K [0x0000000080000000, 0x0000000094100000, 0x00000000d5580000)
  object space 328704K, 99% used [0x0000000080000000,0x00000000940abf28,0x0000000094100000)
 Metaspace       used 60404K, committed 61888K, reserved 1114112K
  class space    used 6487K, committed 7168K, reserved 1048576K
}
Event: 68.586 GC heap after
{Heap after GC invocations=466 (full 3):
 PSYoungGen      total 3584K, used 3552K [0x00000000d5580000, 0x00000000d5a00000, 0x0000000100000000)
  eden space 3072K, 100% used [0x00000000d5580000,0x00000000d5880000,0x00000000d5880000)
  from space 512K, 93% used [0x00000000d5980000,0x00000000d59f8000,0x00000000d5a00000)
  to   space 512K, 98% used [0x00000000d5900000,0x00000000d597e110,0x00000000d5980000)
 ParOldGen       total 329216K, used 328727K [0x0000000080000000, 0x0000000094180000, 0x00000000d5580000)
  object space 329216K, 99% used [0x0000000080000000,0x0000000094105f28,0x0000000094180000)
 Metaspace       used 60404K, committed 61888K, reserved 1114112K
  class space    used 6487K, committed 7168K, reserved 1048576K
}
Event: 68.586 GC heap before
{Heap before GC invocations=467 (full 4):
 PSYoungGen      total 3584K, used 3552K [0x00000000d5580000, 0x00000000d5a00000, 0x0000000100000000)
  eden space 3072K, 100% used [0x00000000d5580000,0x00000000d5880000,0x00000000d5880000)
  from space 512K, 93% used [0x00000000d5980000,0x00000000d59f8000,0x00000000d5a00000)
  to   space 512K, 98% used [0x00000000d5900000,0x00000000d597e110,0x00000000d5980000)
 ParOldGen       total 329216K, used 328727K [0x0000000080000000, 0x0000000094180000, 0x00000000d5580000)
  object space 329216K, 99% used [0x0000000080000000,0x0000000094105f28,0x0000000094180000)
 Metaspace       used 60404K, committed 61888K, reserved 1114112K
  class space    used 6487K, committed 7168K, reserved 1048576K
}

